[2018-06-05 15:51:45] [info] Start Program:
Path:"C:\Users\SergiuP\source\repos\DSA_Project\Debug\DSA_Project.exe"
Arguments:
Working directory: "C:\Users\SergiuP\source\repos\DSA_Project\DSA_Project\"
Modules: Selected: C:\Users\SergiuP\source\repos\DSA_Project\Debug\DSA_Project.exe Excluded: 
Sources: Selected: C:\Users\SergiuP\source\repos\DSA_Project\DSA_Project Excluded: 
Log Level: Normal
Cover Children: 0
Aggregate by file: 1
Continue after C++ exception: 0
Optimized build support: 0
Export: Binary C:\Users\SergiuP\AppData\Local\Temp\zrp5lhox.04s 
Input coverage: 
Unified diff: 
Excluded line regular expressions: 

[2018-06-05 15:51:45] [info] Module: C:\Users\SergiuP\source\repos\DSA_Project\Debug\DSA_Project.exe is selected because it matches selected pattern: C:\Users\SergiuP\source\repos\DSA_Project\Debug\DSA_Project.exe
[2018-06-05 15:51:46] [info] Module: C:\Windows\SysWOW64\ntdll.dll is skipped because it matches no selected patterns
[2018-06-05 15:51:46] [info] Module: C:\Windows\SysWOW64\kernel32.dll is skipped because it matches no selected patterns
[2018-06-05 15:51:46] [info] Module: C:\Windows\SysWOW64\KernelBase.dll is skipped because it matches no selected patterns
[2018-06-05 15:51:46] [info] Module: C:\Windows\SysWOW64\vcruntime140d.dll is skipped because it matches no selected patterns
[2018-06-05 15:51:46] [info] Module: C:\Windows\SysWOW64\ucrtbased.dll is skipped because it matches no selected patterns
[2018-06-05 15:51:46] [info] Module: C:\Windows\SysWOW64\msvcp140d.dll is skipped because it matches no selected patterns
[2018-06-05 15:51:46] [info] Module: C:\Windows\SysWOW64\kernel.appcore.dll is skipped because it matches no selected patterns
[2018-06-05 15:51:46] [info] Module: C:\Windows\SysWOW64\msvcrt.dll is skipped because it matches no selected patterns
[2018-06-05 15:51:46] [info] Module: C:\Windows\SysWOW64\rpcrt4.dll is skipped because it matches no selected patterns
[2018-06-05 15:51:46] [info] Module: C:\Windows\SysWOW64\sspicli.dll is skipped because it matches no selected patterns
[2018-06-05 15:51:46] [info] Module: C:\Windows\SysWOW64\cryptbase.dll is skipped because it matches no selected patterns
[2018-06-05 15:51:46] [info] Module: C:\Windows\SysWOW64\bcryptprimitives.dll is skipped because it matches no selected patterns
[2018-06-05 15:51:46] [info] Module: C:\Windows\SysWOW64\sechost.dll is skipped because it matches no selected patterns
[2018-06-05 15:51:46] [info] ----------------------------------------------------
[2018-06-05 15:51:46] [info] Coverage binary generated in file: C:\Users\SergiuP\AppData\Local\Temp\zrp5lhox.04s
[2018-06-05 15:51:46] [info] ----------------------------------------------------
